
[10:35:20.324] run_git: cwd=D:/workspace\EquipmentList cmd=['status', '--porcelain']
[10:35:21.087] run_git: rc=0 out=
[10:35:21.089] run_git: cwd=D:/workspace\EquipmentList cmd=['fetch', 'origin']
[10:35:22.202] run_git: rc=0 out=
[10:35:22.204] run_git: cwd=D:/workspace\EquipmentList cmd=['branch', '--show-current']
[10:35:22.267] run_git: rc=0 out=main

[10:35:22.269] run_git: cwd=D:/workspace\EquipmentList cmd=['log', '-1', '--format=%at']
[10:35:22.338] run_git: rc=0 out=1781533119

[10:35:22.340] run_git: cwd=D:/workspace\EquipmentList cmd=['log', '-1', '--format=%at', 'origin/main']
[10:35:22.409] run_git: rc=0 out=1781533119

[10:35:22.411] run_git: cwd=D:/workspace\github-manager cmd=['status', '--porcelain']
[10:35:22.484] run_git: rc=0 out= M __pycache__/github_manager.cpython-313.pyc
 M debug.log
 D github_manager.py
 M github_manager.pyw

[10:35:22.486] run_git: cwd=D:/workspace\github-manager cmd=['fetch', 'origin']
[10:35:24.360] run_git: rc=0 out=
[10:35:24.362] run_git: cwd=D:/workspace\github-manager cmd=['branch', '--show-current']
[10:35:24.426] run_git: rc=0 out=main

[10:35:24.428] run_git: cwd=D:/workspace\github-manager cmd=['log', '-1', '--format=%at']
[10:35:24.494] run_git: rc=0 out=1781575725

[10:35:24.496] run_git: cwd=D:/workspace\github-manager cmd=['log', '-1', '--format=%at', 'origin/main']
[10:35:24.563] run_git: rc=0 out=1781575725

[10:35:24.565] run_git: cwd=D:/workspace\process-layout cmd=['status', '--porcelain']
[10:35:24.638] run_git: rc=0 out=
[10:35:24.640] run_git: cwd=D:/workspace\process-layout cmd=['fetch', 'origin']
[10:35:25.608] refresh_repo_list: skipped, already scanning
[10:35:25.615] refresh_repo_list: skipped, already scanning
[10:35:26.599] run_git: rc=0 out=
[10:35:26.601] run_git: cwd=D:/workspace\process-layout cmd=['branch', '--show-current']
[10:35:26.663] run_git: rc=0 out=main

[10:35:26.665] run_git: cwd=D:/workspace\process-layout cmd=['log', '-1', '--format=%at']
[10:35:26.730] run_git: rc=0 out=1775877741

[10:35:26.732] run_git: cwd=D:/workspace\process-layout cmd=['log', '-1', '--format=%at', 'origin/main']
[10:35:26.796] run_git: rc=0 out=1775877741

[10:35:26.799] run_git: cwd=D:/workspace\SolutionConfig cmd=['status', '--porcelain']
[10:35:26.870] run_git: rc=0 out=
[10:35:26.872] run_git: cwd=D:/workspace\SolutionConfig cmd=['fetch', 'origin']
[10:35:27.861] run_git: rc=0 out=
[10:35:27.863] run_git: cwd=D:/workspace\SolutionConfig cmd=['branch', '--show-current']
[10:35:27.926] run_git: rc=0 out=main

[10:35:27.928] run_git: cwd=D:/workspace\SolutionConfig cmd=['log', '-1', '--format=%at']
[10:35:27.996] run_git: rc=0 out=1781535478

[10:35:27.998] run_git: cwd=D:/workspace\SolutionConfig cmd=['log', '-1', '--format=%at', 'origin/main']
[10:35:28.067] run_git: rc=0 out=1781535478

[10:35:28.069] run_git: cwd=D:/workspace\TaskManager cmd=['status', '--porcelain']
[10:35:28.141] run_git: rc=0 out= M DESIGN.md
 M README.md
 M index.html

[10:35:28.143] run_git: cwd=D:/workspace\TaskManager cmd=['fetch', 'origin']
[10:35:28.945] refresh_repo_list: skipped, already scanning
[10:35:28.948] refresh_repo_list: skipped, already scanning
[10:35:29.144] run_git: rc=0 out=
[10:35:29.146] run_git: cwd=D:/workspace\TaskManager cmd=['branch', '--show-current']
[10:35:29.214] run_git: rc=0 out=master

[10:35:29.217] run_git: cwd=D:/workspace\TaskManager cmd=['log', '-1', '--format=%at']
[10:35:29.285] run_git: rc=0 out=1781535377

[10:35:29.287] run_git: cwd=D:/workspace\TaskManager cmd=['log', '-1', '--format=%at', 'origin/master']
[10:35:29.355] run_git: rc=0 out=1781535377

[10:35:29.357] refresh_repo_list: found 8 repos
[10:35:29.359] root_after: scheduling _finish_scan args_len=1
[10:35:34.370] run_git: cwd=D:/workspace\EquipmentList cmd=['status', '--porcelain']
[10:35:35.134] run_git: rc=0 out=
[10:35:35.136] run_git: cwd=D:/workspace\EquipmentList cmd=['fetch', 'origin']
[10:35:36.159] run_git: rc=0 out=
[10:35:36.162] run_git: cwd=D:/workspace\EquipmentList cmd=['branch', '--show-current']
[10:35:36.225] run_git: rc=0 out=main

[10:35:36.227] run_git: cwd=D:/workspace\EquipmentList cmd=['log', '-1', '--format=%at']
[10:35:36.294] run_git: rc=0 out=1781533119

[10:35:36.297] run_git: cwd=D:/workspace\EquipmentList cmd=['log', '-1', '--format=%at', 'origin/main']
[10:35:36.364] run_git: rc=0 out=1781533119

[10:35:36.367] run_git: cwd=D:/workspace\github-manager cmd=['status', '--porcelain']
[10:35:36.441] run_git: rc=0 out= M __pycache__/github_manager.cpython-313.pyc
 M debug.log
 D github_manager.py
 M github_manager.pyw

[10:35:36.444] run_git: cwd=D:/workspace\github-manager cmd=['fetch', 'origin']
[10:35:38.269] run_git: rc=0 out=
[10:35:38.272] run_git: cwd=D:/workspace\github-manager cmd=['branch', '--show-current']
[10:35:38.335] run_git: rc=0 out=main

[10:35:38.338] run_git: cwd=D:/workspace\github-manager cmd=['log', '-1', '--format=%at']
[10:35:38.406] run_git: rc=0 out=1781575725

[10:35:38.408] run_git: cwd=D:/workspace\github-manager cmd=['log', '-1', '--format=%at', 'origin/main']
[10:35:38.477] run_git: rc=0 out=1781575725

[10:35:38.480] run_git: cwd=D:/workspace\process-layout cmd=['status', '--porcelain']
[10:35:38.555] run_git: rc=0 out=
[10:35:38.558] run_git: cwd=D:/workspace\process-layout cmd=['fetch', 'origin']
[10:35:40.428] run_git: rc=0 out=
[10:35:40.430] run_git: cwd=D:/workspace\process-layout cmd=['branch', '--show-current']
[10:35:40.494] run_git: rc=0 out=main

[10:35:40.497] run_git: cwd=D:/workspace\process-layout cmd=['log', '-1', '--format=%at']
[10:35:40.562] run_git: rc=0 out=1775877741

[10:35:40.564] run_git: cwd=D:/workspace\process-layout cmd=['log', '-1', '--format=%at', 'origin/main']
[10:35:40.629] run_git: rc=0 out=1775877741

[10:35:40.632] run_git: cwd=D:/workspace\SolutionConfig cmd=['status', '--porcelain']
[10:35:40.704] run_git: rc=0 out=
[10:35:40.707] run_git: cwd=D:/workspace\SolutionConfig cmd=['fetch', 'origin']
[10:35:41.785] run_git: rc=0 out=
[10:35:41.787] run_git: cwd=D:/workspace\SolutionConfig cmd=['branch', '--show-current']
[10:35:41.850] run_git: rc=0 out=main

[10:35:41.853] run_git: cwd=D:/workspace\SolutionConfig cmd=['log', '-1', '--format=%at']
[10:35:41.918] run_git: rc=0 out=1781535478

[10:35:41.921] run_git: cwd=D:/workspace\SolutionConfig cmd=['log', '-1', '--format=%at', 'origin/main']
[10:35:41.990] run_git: rc=0 out=1781535478

[10:35:41.993] run_git: cwd=D:/workspace\TaskManager cmd=['status', '--porcelain']
[10:35:42.067] run_git: rc=0 out= M DESIGN.md
 M README.md
 M index.html

[10:35:42.070] run_git: cwd=D:/workspace\TaskManager cmd=['fetch', 'origin']
[10:35:43.061] run_git: rc=0 out=
[10:35:43.063] run_git: cwd=D:/workspace\TaskManager cmd=['branch', '--show-current']
[10:35:43.128] run_git: rc=0 out=master

[10:35:43.130] run_git: cwd=D:/workspace\TaskManager cmd=['log', '-1', '--format=%at']
[10:35:43.195] run_git: rc=0 out=1781535377

[10:35:43.198] run_git: cwd=D:/workspace\TaskManager cmd=['log', '-1', '--format=%at', 'origin/master']
[10:35:43.263] run_git: rc=0 out=1781535377

[10:35:43.266] refresh_repo_list: found 8 repos
[10:35:43.269] root_after: scheduling _finish_scan args_len=1
[10:35:48.426] push_repos: selected=['D:/workspace\\github-manager']
[10:35:48.430] push_repos: queue=['github-manager']
[10:35:48.433] root_after: scheduling _check_one args_len=0
[10:35:48.436] push _check_one: idx=0/1
[10:35:48.439] push _check_one: starting fetch for github-manager
[10:35:48.442] run_git: cwd=D:/workspace\github-manager cmd=['fetch', 'origin']
[10:35:50.336] run_git: rc=0 out=
[10:35:50.339] _run_git_async DONE: args=['fetch', 'origin'] ok=True out=
[10:35:50.341] root_after: scheduling _on_fetched args_len=2
[10:35:50.344] push _on_fetched: github-manager, getting branch
[10:35:50.347] run_git: cwd=D:/workspace\github-manager cmd=['branch', '--show-current']
[10:35:50.411] run_git: rc=0 out=main

[10:35:50.414] _run_git_async DONE: args=['branch', '--show-current'] ok=True out=main

[10:35:50.417] root_after: scheduling _on_branch args_len=2
[10:35:50.419] push _on_branch: github-manager branch=main ok=True
[10:35:50.422] run_git: cwd=D:/workspace\github-manager cmd=['log', '-1', '--format=%at']
[10:35:50.492] run_git: rc=0 out=1781575725

[10:35:50.494] _run_git_async DONE: args=['log', '-1', '--format=%at'] ok=True out=1781575725

[10:35:50.497] root_after: scheduling <lambda> args_len=2
[10:35:50.499] push _on_local: github-manager branch=main ok=True time=1781575725

[10:35:50.502] run_git: cwd=D:/workspace\github-manager cmd=['log', '-1', '--format=%at', 'origin/main']
[10:35:50.570] run_git: rc=0 out=1781575725

[10:35:50.573] _run_git_async DONE: args=['log', '-1', '--format=%at', 'origin/main'] ok=True out=1781575725

[10:35:50.576] root_after: scheduling _on_remote args_len=2
[10:35:50.578] push _on_remote: github-manager ok=True time=1781575725

[10:35:50.580] push _on_remote: checking status for github-manager
[10:35:50.583] run_git: cwd=D:/workspace\github-manager cmd=['status', '--porcelain']
[10:35:50.655] run_git: rc=0 out= M __pycache__/github_manager.cpython-313.pyc
 M debug.log
 D github_manager.py
 M github_manager.pyw

[10:35:50.658] _run_git_async DONE: args=['status', '--porcelain'] ok=True out= M __pycache__/github_manager.cpython-313.pyc
 M debug.log
 D github_manager.py
 M github_manager.pyw

[10:35:50.661] root_after: scheduling _on_status args_len=2
[10:35:50.663] push _on_status: github-manager ok=True status= M __pycache__/github_manager.cpython-313.pyc
 M debug.log
 D github_manager.py
 M github_manager.py
[10:35:50.666] push _on_status: advancing idx to 1
[10:35:50.668] root_after: scheduling _check_one args_len=0
[10:35:50.671] push _check_one: idx=1/1
[10:35:50.673] push _check_one: all done, calling _ask_or_push
[10:35:50.675] root_after: scheduling _ask_or_push args_len=0
[10:35:51.870] _do_push: selected=['github-manager'] commit_msg=update github-manager
[10:35:51.873] root_after: scheduling _step args_len=0
[10:35:51.876] _do_push _step: idx=0/1
[10:35:51.879] run_git: cwd=D:/workspace\github-manager cmd=['status', '--porcelain']
[10:35:51.955] run_git: rc=0 out= M __pycache__/github_manager.cpython-313.pyc
 M debug.log
 D github_manager.py
 M github_manager.pyw

[10:35:51.958] _run_git_async DONE: args=['status', '--porcelain'] ok=True out= M __pycache__/github_manager.cpython-313.pyc
 M debug.log
 D github_manager.py
 M github_manager.pyw

[10:35:51.960] root_after: scheduling _on_status args_len=2
[10:35:51.963] _do_push _on_status: github-manager ok=True status= M __pycache__/github_manager.cpython-313.pyc
 M debug.log
 D github_manager.py
 M github_manager.py
[10:35:51.966] _do_push: committing github-manager
[10:35:51.970] run_git: cwd=D:/workspace\github-manager cmd=['add', '-A']
